<?xml version="1.0" encoding="UTF-8"?>
<testsuite name="services.BookServiceImplTest" tests="4" skipped="0" failures="0" errors="0" timestamp="2021-03-10T11:29:06" hostname="DESKTOP-9D9SP5G" time="0.0">
  <properties/>
  <testcase name="findAll" classname="services.BookServiceImplTest" time="0.0"/>
  <testcase name="findById" classname="services.BookServiceImplTest" time="0.0"/>
  <testcase name="save" classname="services.BookServiceImplTest" time="0.0"/>
  <testcase name="getAgeOfBook" classname="services.BookServiceImplTest" time="0.0"/>
  <system-out><![CDATA[]]></system-out>
  <system-err><![CDATA[]]></system-err>
</testsuite>
