<?xml version="1.0" encoding="UTF-8"?>
<testsuite name="repository.UserRepositoryMySQLTest" tests="1" skipped="0" failures="0" errors="0" timestamp="2021-03-24T11:21:08" hostname="DESKTOP-9D9SP5G" time="0.039">
  <properties/>
  <testcase name="updateCNP" classname="repository.UserRepositoryMySQLTest" time="0.039"/>
  <system-out><![CDATA[]]></system-out>
  <system-err><![CDATA[]]></system-err>
</testsuite>
